[35m[Appium][39m Welcome to Appium v1.21.0
[35m[Appium][39m Non-default server args:
[35m[Appium][39m   port: 58795
[35m[Appium][39m   loglevel: info
[35m[Appium][39m   tmpDir: C:\Users\Admin\AppData\Local\Temp\\Katalon\Appium\Temp1622034942871
[35m[Appium][39m   chromedriverPort: 58796
[35m[Appium][39m Deprecated server args:
[35m[Appium][39m   [31m--chromedriver-port[39m => --default-capabilities
[35m[Appium][39m Default capabilities, which will be added to each request unless overridden by desired capabilities:
[35m[Appium][39m   chromedriverPort: 58796
[35m[Appium][39m Appium REST http interface listener started on 0.0.0.0:58795
[35m[HTTP][39m [37m-->[39m [37mGET[39m [37m/wd/hub/status[39m
[35m[HTTP][39m [90m{}[39m
[35m[HTTP][39m [37m<-- GET /wd/hub/status [39m[32m200[39m [90m7 ms - 68[39m
[35m[HTTP][39m [90m[39m
[35m[HTTP][39m [37m-->[39m [37mGET[39m [37m/wd/hub/status[39m
[35m[HTTP][39m [90m{}[39m
[35m[HTTP][39m [37m<-- GET /wd/hub/status [39m[32m200[39m [90m1 ms - 68[39m
[35m[HTTP][39m [90m[39m
[35m[HTTP][39m [37m-->[39m [37mPOST[39m [37m/wd/hub/session[39m
[35m[HTTP][39m [90m{"desiredCapabilities":{"app":"C:\\Users\\Admin\\Downloads\\Calculator_v7.8 (271241277)_apkpure.com.apk","noReset":true,"deviceId":"6b8539a2","deviceName":"asus ASUS_Z00ED (Android 6.0.1)","fullReset":false,"platform":"ANDROID","newCommandTimeout":1800,"platformVersion":"6.0.1","autoGrantPermissions":true,"platformName":"Android","udid":"G1AZCY10H831","systemPort":58800},"capabilities":{"firstMatch":[{"appium:app":"C:\\Users\\Admin\\Downloads\\Calculator_v7.8 (271241277)_apkpure.com.apk","appium:autoGrantPermissions":true,"deviceId":"6b8539a2","appium:deviceName":"asus ASUS_Z00ED (Android 6.0.1)","appium:fullReset":false,"appium:newCommandTimeout":1800,"appium:noReset":true,"platform":"ANDROID","platformName":"android","appium:platformVersion":"6.0.1","appium:systemPort":58800,"appium:udid":"G1AZCY10H831"}]}}[39m
[35m[BaseDriver][39m The following capabilities are not standard capabilities and should have an extension prefix:
[35m[BaseDriver][39m   deviceId
[35m[BaseDriver][39m   platform
[35m[BaseDriver][39m   chromedriverPort
[35m[Appium][39m 
[35m[Appium][39m ======================================================================
[35m[Appium][39m   DEPRECATION WARNING:
[35m[Appium][39m 
[35m[Appium][39m   The 'automationName' capability was not provided in the desired 
[35m[Appium][39m   capabilities for this Android session
[35m[Appium][39m 
[35m[Appium][39m   Setting 'automationName=UiAutomator2' by default and using the 
[35m[Appium][39m   UiAutomator2 Driver
[35m[Appium][39m 
[35m[Appium][39m   The next major version of Appium (2.x) will **require** the 
[35m[Appium][39m   'automationName' capability to be set for all sessions on all 
[35m[Appium][39m   platforms
[35m[Appium][39m 
[35m[Appium][39m   In previous versions (Appium <= 1.13.x), the default was 
[35m[Appium][39m   'automationName=UiAutomator1'
[35m[Appium][39m 
[35m[Appium][39m   If you wish to use that automation instead of UiAutomator2, please 
[35m[Appium][39m   add 'automationName=UiAutomator1' to your desired capabilities
[35m[Appium][39m 
[35m[Appium][39m   For more information about drivers, please visit 
[35m[Appium][39m   http://appium.io/docs/en/about-appium/intro/ and explore the 
[35m[Appium][39m   'Drivers' menu
[35m[Appium][39m 
[35m[Appium][39m ======================================================================
[35m[Appium][39m 
[35m[Appium][39m Appium v1.21.0 creating new AndroidUiautomator2Driver (v1.65.0) session
[35m[BaseDriver][39m The following capabilities were provided, but are not recognized by Appium:
[35m[BaseDriver][39m   deviceId
[35m[BaseDriver][39m   platform
[35m[BaseDriver][39m Session created with session id: d539a9f1-93c5-404b-9988-756cd3a9ba9a
[35m[BaseDriver][39m Using local app 'C:\Users\Admin\Downloads\Calculator_v7.8 (271241277)_apkpure.com.apk'
[35m[ADB][39m Found 2 'build-tools' folders under 'C:\Users\Admin\.katalon\tools\android_sdk' (newest first):
[35m[ADB][39m     C:/Users/Admin/.katalon/tools/android_sdk/build-tools/30.0.3
[35m[ADB][39m     C:/Users/Admin/.katalon/tools/android_sdk/build-tools/29.0.3
[35m[ADB][39m Using 'adb.exe' from 'C:\Users\Admin\.katalon\tools\android_sdk\platform-tools\adb.exe'
[35m[AndroidDriver][39m Retrieving device list
[35m[AndroidDriver][39m Using device: G1AZCY10H831
[35m[ADB][39m Using 'adb.exe' from 'C:\Users\Admin\.katalon\tools\android_sdk\platform-tools\adb.exe'
[35m[ADB][39m Package name: 'com.google.android.calculator'
[35m[ADB][39m Main activity name: 'com.android.calculator2.Calculator'
[35m[AndroidDriver][39m Granting permissions SET_ANIMATION_SCALE,CHANGE_CONFIGURATION,ACCESS_FINE_LOCATION to 'io.appium.settings'
[35m[ADB][39m Using 'apksigner.jar' from 'C:\Users\Admin\.katalon\tools\android_sdk\build-tools\30.0.3\lib\apksigner.jar'
[35m[ADB][39m 'C:\Users\Admin\AppData\Roaming\npm\node_modules\appium\node_modules\appium-uiautomator2-server\apks\appium-uiautomator2-server-v4.21.1.apk' is signed with the default certificate
[35m[ADB][39m 'C:\Users\Admin\AppData\Roaming\npm\node_modules\appium\node_modules\appium-uiautomator2-server\apks\appium-uiautomator2-server-debug-androidTest.apk' is signed with the default certificate
[35m[UiAutomator2][39m Server packages are not going to be (re)installed
[35m[ADB][39m Adding packages ["io.appium.settings","io.appium.uiautomator2.server","io.appium.uiautomator2.server.test"] to Doze whitelist
[35m[ADB][39m 'C:\Users\Admin\Downloads\Calculator_v7.8 (271241277)_apkpure.com.apk' is signed with a non-default certificate
[35m[UiAutomator2][39m Starting UIAutomator2 server 4.21.1
[35m[UiAutomator2][39m Using UIAutomator2 server from 'C:\Users\Admin\AppData\Roaming\npm\node_modules\appium\node_modules\appium-uiautomator2-server\apks\appium-uiautomator2-server-v4.21.1.apk' and test from 'C:\Users\Admin\AppData\Roaming\npm\node_modules\appium\node_modules\appium-uiautomator2-server\apks\appium-uiautomator2-server-debug-androidTest.apk'
[35m[UiAutomator2][39m Waiting up to 30000ms for UiAutomator2 to be online...
[35m[WD Proxy][39m socket hang up
[35m[WD Proxy][39m socket hang up
[35m[WD Proxy][39m socket hang up
[35m[WD Proxy][39m Determined the downstream protocol as 'W3C'
[35m[AndroidDriver][39m Screen already unlocked, doing nothing
[35m[UiAutomator2][39m Starting 'com.google.android.calculator/com.android.calculator2.Calculator and waiting for 'com.google.android.calculator/com.android.calculator2.Calculator'
[35m[Appium][39m New AndroidUiautomator2Driver session created successfully, session d539a9f1-93c5-404b-9988-756cd3a9ba9a added to master session list
[35m[HTTP][39m [37m<-- POST /wd/hub/session [39m[32m200[39m [90m16577 ms - 1294[39m
[35m[HTTP][39m [90m[39m
[35m[HTTP][39m [37m-->[39m [37mGET[39m [37m/wd/hub/session/d539a9f1-93c5-404b-9988-756cd3a9ba9a[39m
[35m[HTTP][39m [90m{}[39m
[35m[HTTP][39m [37m<-- GET /wd/hub/session/d539a9f1-93c5-404b-9988-756cd3a9ba9a [39m[32m200[39m [90m12 ms - 1248[39m
[35m[HTTP][39m [90m[39m
[35m[HTTP][39m [37m-->[39m [37mGET[39m [37m/wd/hub/session/d539a9f1-93c5-404b-9988-756cd3a9ba9a[39m
[35m[HTTP][39m [90m{}[39m
[35m[HTTP][39m [37m<-- GET /wd/hub/session/d539a9f1-93c5-404b-9988-756cd3a9ba9a [39m[32m200[39m [90m11 ms - 1248[39m
[35m[HTTP][39m [90m[39m
[35m[HTTP][39m [37m-->[39m [37mGET[39m [37m/wd/hub/status[39m
[35m[HTTP][39m [90m{}[39m
[35m[HTTP][39m [37m<-- GET /wd/hub/status [39m[32m200[39m [90m1 ms - 68[39m
[35m[HTTP][39m [90m[39m
[35m[HTTP][39m [37m-->[39m [37mPOST[39m [37m/wd/hub/session/d539a9f1-93c5-404b-9988-756cd3a9ba9a/timeouts[39m
[35m[HTTP][39m [90m{"implicit":60000}[39m
[35m[HTTP][39m [37m<-- POST /wd/hub/session/d539a9f1-93c5-404b-9988-756cd3a9ba9a/timeouts [39m[32m200[39m [90m3 ms - 14[39m
[35m[HTTP][39m [90m[39m
[35m[HTTP][39m [37m-->[39m [37mGET[39m [37m/wd/hub/session/d539a9f1-93c5-404b-9988-756cd3a9ba9a/source[39m
[35m[HTTP][39m [90m{}[39m
[35m[W3C (d539a9f1)][39m Driver proxy active, passing request on via HTTP proxy
[35m[WD Proxy][39m Replacing sessionId d40d871f-750b-48b1-a706-7aeaee06da5c with d539a9f1-93c5-404b-9988-756cd3a9ba9a
[35m[HTTP][39m [37m<-- GET /wd/hub/session/d539a9f1-93c5-404b-9988-756cd3a9ba9a/source [39m[32m200[39m [90m373 ms - 19043[39m
[35m[HTTP][39m [90m[39m
[35m[HTTP][39m [37m-->[39m [37mGET[39m [37m/wd/hub/session/d539a9f1-93c5-404b-9988-756cd3a9ba9a/screenshot[39m
[35m[HTTP][39m [90m{}[39m
[35m[HTTP][39m [37m<-- GET /wd/hub/session/d539a9f1-93c5-404b-9988-756cd3a9ba9a/screenshot [39m[32m200[39m [90m471 ms - 54030[39m
[35m[HTTP][39m [90m[39m
[35m[HTTP][39m [37m-->[39m [37mPOST[39m [37m/wd/hub/session/d539a9f1-93c5-404b-9988-756cd3a9ba9a/elements[39m
[35m[HTTP][39m [90m{"using":"xpath","value":"//*[@class = 'android.view.ViewGroup' and @resource-id = 'com.google.android.calculator:id/pad_numeric' and (@text = '' or . = '')]"}[39m
[35m[HTTP][39m [37m<-- POST /wd/hub/session/d539a9f1-93c5-404b-9988-756cd3a9ba9a/elements [39m[32m200[39m [90m129 ms - 139[39m
[35m[HTTP][39m [90m[39m
[35m[HTTP][39m [37m-->[39m [37mPOST[39m [37m/wd/hub/session/d539a9f1-93c5-404b-9988-756cd3a9ba9a/elements[39m
[35m[HTTP][39m [90m{"using":"xpath","value":"//*[@class = 'android.widget.Button' and (@text = '7' or . = '7') and @resource-id = 'com.google.android.calculator:id/digit_7']"}[39m
[35m[HTTP][39m [37m<-- POST /wd/hub/session/d539a9f1-93c5-404b-9988-756cd3a9ba9a/elements [39m[32m200[39m [90m94 ms - 139[39m
[35m[HTTP][39m [90m[39m
[35m[HTTP][39m [37m-->[39m [37mPOST[39m [37m/wd/hub/session/d539a9f1-93c5-404b-9988-756cd3a9ba9a/elements[39m
[35m[HTTP][39m [90m{"using":"xpath","value":"//*[@class = 'android.widget.Button' and (@text = '8' or . = '8') and @resource-id = 'com.google.android.calculator:id/digit_8']"}[39m
[35m[HTTP][39m [37m<-- POST /wd/hub/session/d539a9f1-93c5-404b-9988-756cd3a9ba9a/elements [39m[32m200[39m [90m92 ms - 139[39m
[35m[HTTP][39m [90m[39m
[35m[HTTP][39m [37m-->[39m [37mPOST[39m [37m/wd/hub/session/d539a9f1-93c5-404b-9988-756cd3a9ba9a/elements[39m
[35m[HTTP][39m [90m{"using":"xpath","value":"//*[@class = 'android.view.ViewGroup' and @resource-id = 'com.google.android.calculator:id/pad_operator' and (@text = '' or . = '')]"}[39m
[35m[HTTP][39m [37m<-- POST /wd/hub/session/d539a9f1-93c5-404b-9988-756cd3a9ba9a/elements [39m[32m200[39m [90m97 ms - 139[39m
[35m[HTTP][39m [90m[39m
[35m[HTTP][39m [37m-->[39m [37mPOST[39m [37m/wd/hub/session/d539a9f1-93c5-404b-9988-756cd3a9ba9a/elements[39m
[35m[HTTP][39m [90m{"using":"xpath","value":"//*[@class = 'android.widget.Button' and (@text = '9' or . = '9') and @resource-id = 'com.google.android.calculator:id/digit_9']"}[39m
[35m[HTTP][39m [37m<-- POST /wd/hub/session/d539a9f1-93c5-404b-9988-756cd3a9ba9a/elements [39m[32m200[39m [90m93 ms - 139[39m
[35m[HTTP][39m [90m[39m
[35m[HTTP][39m [37m-->[39m [37mPOST[39m [37m/wd/hub/session/d539a9f1-93c5-404b-9988-756cd3a9ba9a/elements[39m
[35m[HTTP][39m [90m{"using":"xpath","value":"//*[@class = 'android.widget.Button' and (@text = '4' or . = '4') and @resource-id = 'com.google.android.calculator:id/digit_4']"}[39m
[35m[HTTP][39m [37m<-- POST /wd/hub/session/d539a9f1-93c5-404b-9988-756cd3a9ba9a/elements [39m[32m200[39m [90m87 ms - 139[39m
[35m[HTTP][39m [90m[39m
[35m[HTTP][39m [37m-->[39m [37mPOST[39m [37m/wd/hub/session/d539a9f1-93c5-404b-9988-756cd3a9ba9a/elements[39m
[35m[HTTP][39m [90m{"using":"xpath","value":"//*[@class = 'android.widget.Button' and (@text = '5' or . = '5') and @resource-id = 'com.google.android.calculator:id/digit_5']"}[39m
[35m[HTTP][39m [37m<-- POST /wd/hub/session/d539a9f1-93c5-404b-9988-756cd3a9ba9a/elements [39m[32m200[39m [90m92 ms - 139[39m
[35m[HTTP][39m [90m[39m
[35m[HTTP][39m [37m-->[39m [37mPOST[39m [37m/wd/hub/session/d539a9f1-93c5-404b-9988-756cd3a9ba9a/elements[39m
[35m[HTTP][39m [90m{"using":"xpath","value":"//*[@class = 'android.widget.Button' and (@text = '6' or . = '6') and @resource-id = 'com.google.android.calculator:id/digit_6']"}[39m
[35m[HTTP][39m [37m<-- POST /wd/hub/session/d539a9f1-93c5-404b-9988-756cd3a9ba9a/elements [39m[32m200[39m [90m121 ms - 139[39m
[35m[HTTP][39m [90m[39m
[35m[HTTP][39m [37m-->[39m [37mPOST[39m [37m/wd/hub/session/d539a9f1-93c5-404b-9988-756cd3a9ba9a/elements[39m
[35m[HTTP][39m [90m{"using":"xpath","value":"//*[@class = 'android.widget.Button' and (@text = '1' or . = '1') and @resource-id = 'com.google.android.calculator:id/digit_1']"}[39m
[35m[HTTP][39m [37m<-- POST /wd/hub/session/d539a9f1-93c5-404b-9988-756cd3a9ba9a/elements [39m[32m200[39m [90m101 ms - 139[39m
[35m[HTTP][39m [90m[39m
[35m[HTTP][39m [37m-->[39m [37mPOST[39m [37m/wd/hub/session/d539a9f1-93c5-404b-9988-756cd3a9ba9a/elements[39m
[35m[HTTP][39m [90m{"using":"xpath","value":"//*[@class = 'android.widget.Button' and (@text = '2' or . = '2') and @resource-id = 'com.google.android.calculator:id/digit_2']"}[39m
[35m[HTTP][39m [37m<-- POST /wd/hub/session/d539a9f1-93c5-404b-9988-756cd3a9ba9a/elements [39m[32m200[39m [90m93 ms - 139[39m
[35m[HTTP][39m [90m[39m
[35m[HTTP][39m [37m-->[39m [37mPOST[39m [37m/wd/hub/session/d539a9f1-93c5-404b-9988-756cd3a9ba9a/elements[39m
[35m[HTTP][39m [90m{"using":"xpath","value":"//*[@class = 'android.widget.Button' and (@text = '3' or . = '3') and @resource-id = 'com.google.android.calculator:id/digit_3']"}[39m
[35m[HTTP][39m [37m<-- POST /wd/hub/session/d539a9f1-93c5-404b-9988-756cd3a9ba9a/elements [39m[32m200[39m [90m103 ms - 139[39m
[35m[HTTP][39m [90m[39m
[35m[HTTP][39m [37m-->[39m [37mPOST[39m [37m/wd/hub/session/d539a9f1-93c5-404b-9988-756cd3a9ba9a/elements[39m
[35m[HTTP][39m [90m{"using":"xpath","value":"//*[@class = 'android.widget.Button' and (@text = '0' or . = '0') and @resource-id = 'com.google.android.calculator:id/digit_0']"}[39m
[35m[HTTP][39m [37m<-- POST /wd/hub/session/d539a9f1-93c5-404b-9988-756cd3a9ba9a/elements [39m[32m200[39m [90m103 ms - 139[39m
[35m[HTTP][39m [90m[39m
[35m[HTTP][39m [37m-->[39m [37mPOST[39m [37m/wd/hub/session/d539a9f1-93c5-404b-9988-756cd3a9ba9a/elements[39m
[35m[HTTP][39m [90m{"using":"xpath","value":"//*[@class = 'android.widget.Button' and (@text = ',' or . = ',') and @resource-id = 'com.google.android.calculator:id/dec_point']"}[39m
[35m[HTTP][39m [37m<-- POST /wd/hub/session/d539a9f1-93c5-404b-9988-756cd3a9ba9a/elements [39m[32m200[39m [90m80 ms - 139[39m
[35m[HTTP][39m [90m[39m
[35m[HTTP][39m [37m-->[39m [37mPOST[39m [37m/wd/hub/session/d539a9f1-93c5-404b-9988-756cd3a9ba9a/elements[39m
[35m[HTTP][39m [90m{"using":"xpath","value":"//*[@class = 'android.widget.Button' and (@text = '=' or . = '=') and @resource-id = 'com.google.android.calculator:id/eq']"}[39m
[35m[HTTP][39m [37m<-- POST /wd/hub/session/d539a9f1-93c5-404b-9988-756cd3a9ba9a/elements [39m[32m200[39m [90m92 ms - 139[39m
[35m[HTTP][39m [90m[39m
[35m[HTTP][39m [37m-->[39m [37mPOST[39m [37m/wd/hub/session/d539a9f1-93c5-404b-9988-756cd3a9ba9a/elements[39m
[35m[HTTP][39m [90m{"using":"xpath","value":"//*[@class = 'android.widget.ImageButton' and @resource-id = 'com.google.android.calculator:id/del' and (@text = '' or . = '')]"}[39m
[35m[HTTP][39m [37m<-- POST /wd/hub/session/d539a9f1-93c5-404b-9988-756cd3a9ba9a/elements [39m[32m200[39m [90m89 ms - 139[39m
[35m[HTTP][39m [90m[39m
[35m[HTTP][39m [37m-->[39m [37mPOST[39m [37m/wd/hub/session/d539a9f1-93c5-404b-9988-756cd3a9ba9a/elements[39m
[35m[HTTP][39m [90m{"using":"xpath","value":"//*[@class = 'android.widget.Button' and (@text = 'รท' or . = 'รท') and @resource-id = 'com.google.android.calculator:id/op_div']"}[39m
[35m[HTTP][39m [37m<-- POST /wd/hub/session/d539a9f1-93c5-404b-9988-756cd3a9ba9a/elements [39m[32m200[39m [90m94 ms - 139[39m
[35m[HTTP][39m [90m[39m
[35m[HTTP][39m [37m-->[39m [37mPOST[39m [37m/wd/hub/session/d539a9f1-93c5-404b-9988-756cd3a9ba9a/elements[39m
[35m[HTTP][39m [90m{"using":"xpath","value":"//*[@class = 'android.widget.Button' and (@text = 'รท' or . = 'รท') and @resource-id = 'com.google.android.calculator:id/op_div']"}[39m
[35m[HTTP][39m [37m<-- POST /wd/hub/session/d539a9f1-93c5-404b-9988-756cd3a9ba9a/elements [39m[32m200[39m [90m91 ms - 139[39m
[35m[HTTP][39m [90m[39m
[35m[HTTP][39m [37m-->[39m [37mPOST[39m [37m/wd/hub/session/d539a9f1-93c5-404b-9988-756cd3a9ba9a/elements[39m
[35m[HTTP][39m [90m{"using":"xpath","value":"//*[@class = 'android.widget.Button' and (@text = '+' or . = '+') and @resource-id = 'com.google.android.calculator:id/op_add']"}[39m
[35m[HTTP][39m [37m<-- POST /wd/hub/session/d539a9f1-93c5-404b-9988-756cd3a9ba9a/elements [39m[32m200[39m [90m114 ms - 139[39m
[35m[HTTP][39m [90m[39m
[35m[HTTP][39m [37m-->[39m [37mPOST[39m [37m/wd/hub/session/d539a9f1-93c5-404b-9988-756cd3a9ba9a/elements[39m
[35m[HTTP][39m [90m{"using":"xpath","value":"//*[@class = 'android.widget.Button' and (@text = 'โ' or . = 'โ') and @resource-id = 'com.google.android.calculator:id/op_sub']"}[39m
[35m[HTTP][39m [37m<-- POST /wd/hub/session/d539a9f1-93c5-404b-9988-756cd3a9ba9a/elements [39m[32m200[39m [90m110 ms - 139[39m
[35m[HTTP][39m [90m[39m
[35m[HTTP][39m [37m-->[39m [37mPOST[39m [37m/wd/hub/session/d539a9f1-93c5-404b-9988-756cd3a9ba9a/elements[39m
[35m[HTTP][39m [90m{"using":"xpath","value":"//*[@class = 'android.widget.Button' and (@text = 'ร' or . = 'ร') and @resource-id = 'com.google.android.calculator:id/op_mul']"}[39m
[35m[HTTP][39m [37m<-- POST /wd/hub/session/d539a9f1-93c5-404b-9988-756cd3a9ba9a/elements [39m[32m200[39m [90m90 ms - 139[39m
[35m[HTTP][39m [90m[39m
[35m[HTTP][39m [37m-->[39m [37mPOST[39m [37m/wd/hub/session/d539a9f1-93c5-404b-9988-756cd3a9ba9a/elements[39m
[35m[HTTP][39m [90m{"using":"xpath","value":"//*[@class = 'android.widget.Button' and (@text = 'รท' or . = 'รท') and @resource-id = 'com.google.android.calculator:id/op_div']"}[39m
[35m[HTTP][39m [37m<-- POST /wd/hub/session/d539a9f1-93c5-404b-9988-756cd3a9ba9a/elements [39m[32m200[39m [90m82 ms - 139[39m
[35m[HTTP][39m [90m[39m
[35m[HTTP][39m [37m-->[39m [37mDELETE[39m [37m/wd/hub/session/d539a9f1-93c5-404b-9988-756cd3a9ba9a[39m
[35m[HTTP][39m [90m{}[39m
[35m[Appium][39m Removing session d539a9f1-93c5-404b-9988-756cd3a9ba9a from our master session list
[35m[HTTP][39m [37m<-- DELETE /wd/hub/session/d539a9f1-93c5-404b-9988-756cd3a9ba9a [39m[32m200[39m [90m1490 ms - 14[39m
[35m[HTTP][39m [90m[39m
